<?xml version="1.0" encoding="UTF-8"?>
<robot generator="Robot 3.1.2 (Python 3.8.1 on win32)" generated="20200204 00:53:49.551" rpa="false">
<suite id="s1" name="QuickStart" source="E:\__development\TAU_2019\zaliczenie_warunkowe\lab_7_Robot\QuickStartGuide-master\QuickStartGuide-master\QuickStart.rst">
<kw name="Clear login database" type="setup">
<kw name="Remove File" library="OperatingSystem">
<doc>Removes a file with the given path.</doc>
<arguments>
<arg>${DATABASE FILE}</arg>
</arguments>
<msg timestamp="20200204 00:53:49.609" level="INFO" html="yes">Removed file '&lt;a href="file://C:\Users\domin\AppData\Local\Temp\robotframework-quickstart-db.txt"&gt;C:\Users\domin\AppData\Local\Temp\robotframework-quickstart-db.txt&lt;/a&gt;'.</msg>
<status status="PASS" starttime="20200204 00:53:49.608" endtime="20200204 00:53:49.609"></status>
</kw>
<status status="PASS" starttime="20200204 00:53:49.608" endtime="20200204 00:53:49.609"></status>
</kw>
<test id="s1-t1" name="User can create an account and log in">
<kw name="Create valid user">
<arguments>
<arg>fred</arg>
<arg>P4ssw0rd</arg>
</arguments>
<kw name="Create User" library="LoginLibrary">
<arguments>
<arg>${username}</arg>
<arg>${password}</arg>
</arguments>
<status status="PASS" starttime="20200204 00:53:49.610" endtime="20200204 00:53:49.717"></status>
</kw>
<kw name="Status Should Be" library="LoginLibrary">
<arguments>
<arg>SUCCESS</arg>
</arguments>
<status status="PASS" starttime="20200204 00:53:49.717" endtime="20200204 00:53:49.718"></status>
</kw>
<status status="PASS" starttime="20200204 00:53:49.610" endtime="20200204 00:53:49.718"></status>
</kw>
<kw name="Attempt To Login With Credentials" library="LoginLibrary">
<arguments>
<arg>fred</arg>
<arg>P4ssw0rd</arg>
</arguments>
<status status="PASS" starttime="20200204 00:53:49.718" endtime="20200204 00:53:49.837"></status>
</kw>
<kw name="Status Should Be" library="LoginLibrary">
<arguments>
<arg>Logged In</arg>
</arguments>
<status status="PASS" starttime="20200204 00:53:49.838" endtime="20200204 00:53:49.838"></status>
</kw>
<kw name="Clear login database" type="teardown">
<kw name="Remove File" library="OperatingSystem">
<doc>Removes a file with the given path.</doc>
<arguments>
<arg>${DATABASE FILE}</arg>
</arguments>
<msg timestamp="20200204 00:53:49.839" level="INFO" html="yes">Removed file '&lt;a href="file://C:\Users\domin\AppData\Local\Temp\robotframework-quickstart-db.txt"&gt;C:\Users\domin\AppData\Local\Temp\robotframework-quickstart-db.txt&lt;/a&gt;'.</msg>
<status status="PASS" starttime="20200204 00:53:49.838" endtime="20200204 00:53:49.839"></status>
</kw>
<status status="PASS" starttime="20200204 00:53:49.838" endtime="20200204 00:53:49.840"></status>
</kw>
<tags>
<tag>example</tag>
<tag>quickstart</tag>
<tag>smoke</tag>
</tags>
<status status="PASS" starttime="20200204 00:53:49.609" endtime="20200204 00:53:49.840" critical="yes"></status>
</test>
<test id="s1-t2" name="User cannot log in with bad password">
<kw name="Create valid user">
<arguments>
<arg>betty</arg>
<arg>P4ssw0rd</arg>
</arguments>
<kw name="Create User" library="LoginLibrary">
<arguments>
<arg>${username}</arg>
<arg>${password}</arg>
</arguments>
<status status="PASS" starttime="20200204 00:53:49.841" endtime="20200204 00:53:49.969"></status>
</kw>
<kw name="Status Should Be" library="LoginLibrary">
<arguments>
<arg>SUCCESS</arg>
</arguments>
<status status="PASS" starttime="20200204 00:53:49.969" endtime="20200204 00:53:49.969"></status>
</kw>
<status status="PASS" starttime="20200204 00:53:49.840" endtime="20200204 00:53:49.969"></status>
</kw>
<kw name="Attempt To Login With Credentials" library="LoginLibrary">
<arguments>
<arg>betty</arg>
<arg>wrong</arg>
</arguments>
<status status="PASS" starttime="20200204 00:53:49.970" endtime="20200204 00:53:50.098"></status>
</kw>
<kw name="Status Should Be" library="LoginLibrary">
<arguments>
<arg>Access Denied</arg>
</arguments>
<status status="PASS" starttime="20200204 00:53:50.098" endtime="20200204 00:53:50.098"></status>
</kw>
<kw name="Clear login database" type="teardown">
<kw name="Remove File" library="OperatingSystem">
<doc>Removes a file with the given path.</doc>
<arguments>
<arg>${DATABASE FILE}</arg>
</arguments>
<msg timestamp="20200204 00:53:50.100" level="INFO" html="yes">Removed file '&lt;a href="file://C:\Users\domin\AppData\Local\Temp\robotframework-quickstart-db.txt"&gt;C:\Users\domin\AppData\Local\Temp\robotframework-quickstart-db.txt&lt;/a&gt;'.</msg>
<status status="PASS" starttime="20200204 00:53:50.099" endtime="20200204 00:53:50.100"></status>
</kw>
<status status="PASS" starttime="20200204 00:53:50.099" endtime="20200204 00:53:50.100"></status>
</kw>
<tags>
<tag>example</tag>
<tag>quickstart</tag>
<tag>smoke</tag>
</tags>
<status status="PASS" starttime="20200204 00:53:49.840" endtime="20200204 00:53:50.100" critical="yes"></status>
</test>
<test id="s1-t3" name="User can change password">
<kw name="Given a user has a valid account">
<kw name="Create valid user">
<arguments>
<arg>${USERNAME}</arg>
<arg>${PASSWORD}</arg>
</arguments>
<kw name="Create User" library="LoginLibrary">
<arguments>
<arg>${username}</arg>
<arg>${password}</arg>
</arguments>
<status status="PASS" starttime="20200204 00:53:50.102" endtime="20200204 00:53:50.207"></status>
</kw>
<kw name="Status Should Be" library="LoginLibrary">
<arguments>
<arg>SUCCESS</arg>
</arguments>
<status status="PASS" starttime="20200204 00:53:50.207" endtime="20200204 00:53:50.208"></status>
</kw>
<status status="PASS" starttime="20200204 00:53:50.101" endtime="20200204 00:53:50.208"></status>
</kw>
<status status="PASS" starttime="20200204 00:53:50.101" endtime="20200204 00:53:50.208"></status>
</kw>
<kw name="When she changes her password">
<kw name="Change Password" library="LoginLibrary">
<arguments>
<arg>${USERNAME}</arg>
<arg>${PASSWORD}</arg>
<arg>${NEW PASSWORD}</arg>
</arguments>
<status status="PASS" starttime="20200204 00:53:50.208" endtime="20200204 00:53:50.316"></status>
</kw>
<kw name="Status Should Be" library="LoginLibrary">
<arguments>
<arg>SUCCESS</arg>
</arguments>
<status status="PASS" starttime="20200204 00:53:50.316" endtime="20200204 00:53:50.316"></status>
</kw>
<status status="PASS" starttime="20200204 00:53:50.208" endtime="20200204 00:53:50.316"></status>
</kw>
<kw name="Then she can log in with the new password">
<kw name="Login">
<arguments>
<arg>${USERNAME}</arg>
<arg>${NEW PASSWORD}</arg>
</arguments>
<kw name="Attempt To Login With Credentials" library="LoginLibrary">
<arguments>
<arg>${username}</arg>
<arg>${password}</arg>
</arguments>
<status status="PASS" starttime="20200204 00:53:50.317" endtime="20200204 00:53:50.467"></status>
</kw>
<kw name="Status Should Be" library="LoginLibrary">
<arguments>
<arg>Logged In</arg>
</arguments>
<status status="PASS" starttime="20200204 00:53:50.468" endtime="20200204 00:53:50.468"></status>
</kw>
<status status="PASS" starttime="20200204 00:53:50.317" endtime="20200204 00:53:50.468"></status>
</kw>
<status status="PASS" starttime="20200204 00:53:50.316" endtime="20200204 00:53:50.468"></status>
</kw>
<kw name="And she cannot use the old password anymore">
<kw name="Attempt To Login With Credentials" library="LoginLibrary">
<arguments>
<arg>${USERNAME}</arg>
<arg>${PASSWORD}</arg>
</arguments>
<status status="PASS" starttime="20200204 00:53:50.468" endtime="20200204 00:53:50.596"></status>
</kw>
<kw name="Status Should Be" library="LoginLibrary">
<arguments>
<arg>Access Denied</arg>
</arguments>
<status status="PASS" starttime="20200204 00:53:50.597" endtime="20200204 00:53:50.597"></status>
</kw>
<status status="PASS" starttime="20200204 00:53:50.468" endtime="20200204 00:53:50.597"></status>
</kw>
<kw name="Clear login database" type="teardown">
<kw name="Remove File" library="OperatingSystem">
<doc>Removes a file with the given path.</doc>
<arguments>
<arg>${DATABASE FILE}</arg>
</arguments>
<msg timestamp="20200204 00:53:50.598" level="INFO" html="yes">Removed file '&lt;a href="file://C:\Users\domin\AppData\Local\Temp\robotframework-quickstart-db.txt"&gt;C:\Users\domin\AppData\Local\Temp\robotframework-quickstart-db.txt&lt;/a&gt;'.</msg>
<status status="PASS" starttime="20200204 00:53:50.597" endtime="20200204 00:53:50.599"></status>
</kw>
<status status="PASS" starttime="20200204 00:53:50.597" endtime="20200204 00:53:50.599"></status>
</kw>
<tags>
<tag>example</tag>
<tag>quickstart</tag>
<tag>smoke</tag>
</tags>
<status status="PASS" starttime="20200204 00:53:50.100" endtime="20200204 00:53:50.599" critical="yes"></status>
</test>
<test id="s1-t4" name="Invalid password">
<kw name="Creating user with invalid password should fail">
<arguments>
<arg>abCD5</arg>
<arg>${PWD INVALID LENGTH}</arg>
</arguments>
<kw name="Create User" library="LoginLibrary">
<arguments>
<arg>example</arg>
<arg>${password}</arg>
</arguments>
<status status="PASS" starttime="20200204 00:53:50.600" endtime="20200204 00:53:50.708"></status>
</kw>
<kw name="Status Should Be" library="LoginLibrary">
<arguments>
<arg>Creating user failed: ${error}</arg>
</arguments>
<status status="PASS" starttime="20200204 00:53:50.709" endtime="20200204 00:53:50.709"></status>
</kw>
<status status="PASS" starttime="20200204 00:53:50.600" endtime="20200204 00:53:50.709"></status>
</kw>
<kw name="Creating user with invalid password should fail">
<arguments>
<arg>abCD567890123</arg>
<arg>${PWD INVALID LENGTH}</arg>
</arguments>
<kw name="Create User" library="LoginLibrary">
<arguments>
<arg>example</arg>
<arg>${password}</arg>
</arguments>
<status status="PASS" starttime="20200204 00:53:50.710" endtime="20200204 00:53:50.822"></status>
</kw>
<kw name="Status Should Be" library="LoginLibrary">
<arguments>
<arg>Creating user failed: ${error}</arg>
</arguments>
<status status="PASS" starttime="20200204 00:53:50.822" endtime="20200204 00:53:50.823"></status>
</kw>
<status status="PASS" starttime="20200204 00:53:50.709" endtime="20200204 00:53:50.823"></status>
</kw>
<kw name="Creating user with invalid password should fail">
<arguments>
<arg>123DEFG</arg>
<arg>${PWD INVALID CONTENT}</arg>
</arguments>
<kw name="Create User" library="LoginLibrary">
<arguments>
<arg>example</arg>
<arg>${password}</arg>
</arguments>
<status status="PASS" starttime="20200204 00:53:50.823" endtime="20200204 00:53:50.944"></status>
</kw>
<kw name="Status Should Be" library="LoginLibrary">
<arguments>
<arg>Creating user failed: ${error}</arg>
</arguments>
<status status="PASS" starttime="20200204 00:53:50.944" endtime="20200204 00:53:50.945"></status>
</kw>
<status status="PASS" starttime="20200204 00:53:50.823" endtime="20200204 00:53:50.945"></status>
</kw>
<kw name="Creating user with invalid password should fail">
<arguments>
<arg>abcd56789</arg>
<arg>${PWD INVALID CONTENT}</arg>
</arguments>
<kw name="Create User" library="LoginLibrary">
<arguments>
<arg>example</arg>
<arg>${password}</arg>
</arguments>
<status status="PASS" starttime="20200204 00:53:50.945" endtime="20200204 00:53:51.063"></status>
</kw>
<kw name="Status Should Be" library="LoginLibrary">
<arguments>
<arg>Creating user failed: ${error}</arg>
</arguments>
<status status="PASS" starttime="20200204 00:53:51.064" endtime="20200204 00:53:51.064"></status>
</kw>
<status status="PASS" starttime="20200204 00:53:50.945" endtime="20200204 00:53:51.064"></status>
</kw>
<kw name="Creating user with invalid password should fail">
<arguments>
<arg>AbCdEfGh</arg>
<arg>${PWD INVALID CONTENT}</arg>
</arguments>
<kw name="Create User" library="LoginLibrary">
<arguments>
<arg>example</arg>
<arg>${password}</arg>
</arguments>
<status status="PASS" starttime="20200204 00:53:51.065" endtime="20200204 00:53:51.198"></status>
</kw>
<kw name="Status Should Be" library="LoginLibrary">
<arguments>
<arg>Creating user failed: ${error}</arg>
</arguments>
<status status="PASS" starttime="20200204 00:53:51.198" endtime="20200204 00:53:51.198"></status>
</kw>
<status status="PASS" starttime="20200204 00:53:51.064" endtime="20200204 00:53:51.199"></status>
</kw>
<kw name="Creating user with invalid password should fail">
<arguments>
<arg>abCD56+</arg>
<arg>${PWD INVALID CONTENT}</arg>
</arguments>
<kw name="Create User" library="LoginLibrary">
<arguments>
<arg>example</arg>
<arg>${password}</arg>
</arguments>
<status status="PASS" starttime="20200204 00:53:51.199" endtime="20200204 00:53:51.313"></status>
</kw>
<kw name="Status Should Be" library="LoginLibrary">
<arguments>
<arg>Creating user failed: ${error}</arg>
</arguments>
<status status="PASS" starttime="20200204 00:53:51.313" endtime="20200204 00:53:51.314"></status>
</kw>
<status status="PASS" starttime="20200204 00:53:51.199" endtime="20200204 00:53:51.314"></status>
</kw>
<kw name="Clear login database" type="teardown">
<kw name="Remove File" library="OperatingSystem">
<doc>Removes a file with the given path.</doc>
<arguments>
<arg>${DATABASE FILE}</arg>
</arguments>
<msg timestamp="20200204 00:53:51.315" level="INFO" html="yes">Removed file '&lt;a href="file://C:\Users\domin\AppData\Local\Temp\robotframework-quickstart-db.txt"&gt;C:\Users\domin\AppData\Local\Temp\robotframework-quickstart-db.txt&lt;/a&gt;'.</msg>
<status status="PASS" starttime="20200204 00:53:51.314" endtime="20200204 00:53:51.315"></status>
</kw>
<status status="PASS" starttime="20200204 00:53:51.314" endtime="20200204 00:53:51.316"></status>
</kw>
<tags>
<tag>example</tag>
<tag>quickstart</tag>
<tag>smoke</tag>
</tags>
<status status="PASS" starttime="20200204 00:53:50.599" endtime="20200204 00:53:51.316" critical="yes"></status>
</test>
<test id="s1-t5" name="User status is stored in database">
<kw name="Create valid user">
<arguments>
<arg>${USERNAME}</arg>
<arg>${PASSWORD}</arg>
</arguments>
<kw name="Create User" library="LoginLibrary">
<arguments>
<arg>${username}</arg>
<arg>${password}</arg>
</arguments>
<status status="PASS" starttime="20200204 00:53:51.317" endtime="20200204 00:53:51.452"></status>
</kw>
<kw name="Status Should Be" library="LoginLibrary">
<arguments>
<arg>SUCCESS</arg>
</arguments>
<status status="PASS" starttime="20200204 00:53:51.452" endtime="20200204 00:53:51.453"></status>
</kw>
<status status="PASS" starttime="20200204 00:53:51.316" endtime="20200204 00:53:51.453"></status>
</kw>
<kw name="Database Should Contain">
<arguments>
<arg>${USERNAME}</arg>
<arg>${PASSWORD}</arg>
<arg>Inactive</arg>
</arguments>
<kw name="Get File" library="OperatingSystem">
<doc>Returns the contents of a specified file.</doc>
<arguments>
<arg>${DATABASE FILE}</arg>
</arguments>
<assign>
<var>${database}</var>
</assign>
<msg timestamp="20200204 00:53:51.454" level="INFO" html="yes">Getting file '&lt;a href="file://C:\Users\domin\AppData\Local\Temp\robotframework-quickstart-db.txt"&gt;C:\Users\domin\AppData\Local\Temp\robotframework-quickstart-db.txt&lt;/a&gt;'.</msg>
<msg timestamp="20200204 00:53:51.457" level="INFO">${database} = janedoe	J4n3D0e	Inactive
</msg>
<status status="PASS" starttime="20200204 00:53:51.453" endtime="20200204 00:53:51.457"></status>
</kw>
<kw name="Should Contain" library="BuiltIn">
<doc>Fails if ``container`` does not contain ``item`` one or more times.</doc>
<arguments>
<arg>${database}</arg>
<arg>${username}\t${password}\t${status}\n</arg>
</arguments>
<status status="PASS" starttime="20200204 00:53:51.457" endtime="20200204 00:53:51.458"></status>
</kw>
<status status="PASS" starttime="20200204 00:53:51.453" endtime="20200204 00:53:51.458"></status>
</kw>
<kw name="Login">
<arguments>
<arg>${USERNAME}</arg>
<arg>${PASSWORD}</arg>
</arguments>
<kw name="Attempt To Login With Credentials" library="LoginLibrary">
<arguments>
<arg>${username}</arg>
<arg>${password}</arg>
</arguments>
<status status="PASS" starttime="20200204 00:53:51.458" endtime="20200204 00:53:51.562"></status>
</kw>
<kw name="Status Should Be" library="LoginLibrary">
<arguments>
<arg>Logged In</arg>
</arguments>
<status status="PASS" starttime="20200204 00:53:51.562" endtime="20200204 00:53:51.562"></status>
</kw>
<status status="PASS" starttime="20200204 00:53:51.458" endtime="20200204 00:53:51.563"></status>
</kw>
<kw name="Database Should Contain">
<arguments>
<arg>${USERNAME}</arg>
<arg>${PASSWORD}</arg>
<arg>Active</arg>
</arguments>
<kw name="Get File" library="OperatingSystem">
<doc>Returns the contents of a specified file.</doc>
<arguments>
<arg>${DATABASE FILE}</arg>
</arguments>
<assign>
<var>${database}</var>
</assign>
<msg timestamp="20200204 00:53:51.564" level="INFO" html="yes">Getting file '&lt;a href="file://C:\Users\domin\AppData\Local\Temp\robotframework-quickstart-db.txt"&gt;C:\Users\domin\AppData\Local\Temp\robotframework-quickstart-db.txt&lt;/a&gt;'.</msg>
<msg timestamp="20200204 00:53:51.567" level="INFO">${database} = janedoe	J4n3D0e	Active
</msg>
<status status="PASS" starttime="20200204 00:53:51.563" endtime="20200204 00:53:51.567"></status>
</kw>
<kw name="Should Contain" library="BuiltIn">
<doc>Fails if ``container`` does not contain ``item`` one or more times.</doc>
<arguments>
<arg>${database}</arg>
<arg>${username}\t${password}\t${status}\n</arg>
</arguments>
<status status="PASS" starttime="20200204 00:53:51.567" endtime="20200204 00:53:51.568"></status>
</kw>
<status status="PASS" starttime="20200204 00:53:51.563" endtime="20200204 00:53:51.568"></status>
</kw>
<kw name="Clear login database" type="teardown">
<kw name="Remove File" library="OperatingSystem">
<doc>Removes a file with the given path.</doc>
<arguments>
<arg>${DATABASE FILE}</arg>
</arguments>
<msg timestamp="20200204 00:53:51.569" level="INFO" html="yes">Removed file '&lt;a href="file://C:\Users\domin\AppData\Local\Temp\robotframework-quickstart-db.txt"&gt;C:\Users\domin\AppData\Local\Temp\robotframework-quickstart-db.txt&lt;/a&gt;'.</msg>
<status status="PASS" starttime="20200204 00:53:51.568" endtime="20200204 00:53:51.569"></status>
</kw>
<status status="PASS" starttime="20200204 00:53:51.568" endtime="20200204 00:53:51.569"></status>
</kw>
<tags>
<tag>database</tag>
<tag>quickstart</tag>
<tag>variables</tag>
</tags>
<status status="PASS" starttime="20200204 00:53:51.316" endtime="20200204 00:53:51.570" critical="yes"></status>
</test>
<status status="PASS" starttime="20200204 00:53:49.553" endtime="20200204 00:53:51.570"></status>
</suite>
<statistics>
<total>
<stat pass="5" fail="0">Critical Tests</stat>
<stat pass="5" fail="0">All Tests</stat>
</total>
<tag>
<stat pass="1" fail="0">database</stat>
<stat pass="4" fail="0">example</stat>
<stat pass="5" fail="0">quickstart</stat>
<stat pass="4" fail="0">smoke</stat>
<stat pass="1" fail="0">variables</stat>
</tag>
<suite>
<stat pass="5" fail="0" id="s1" name="QuickStart">QuickStart</stat>
</suite>
</statistics>
<errors>
<msg timestamp="20200204 00:53:49.542" level="WARN">Automatically parsing other than '*.robot' files is deprecated. Convert 'E:\__development\TAU_2019\zaliczenie_warunkowe\lab_7_Robot\QuickStartGuide-master\QuickStartGuide-master\QuickStart.rst' to '*.robot' format or use '--extension' to explicitly configure which files to parse.</msg>
</errors>
</robot>
